[2026-04-09T10:26:07.711Z] GET http://localhost:5173/ → 200 (2ms, 1698B)
[2026-04-09T10:26:07.716Z] GET http://localhost:5173/@vite/client → 200 (3ms, 204443B)
[2026-04-09T10:26:07.716Z] GET https://fonts.googleapis.com/css2?family=Inter:wght@400;700;900&display=swap → 200 (53ms, 7521B)
[2026-04-09T10:26:07.716Z] GET http://localhost:5173/src/main.tsx?t=1775730092045 → 200 (3ms, 1681B)
[2026-04-09T10:26:07.716Z] GET http://localhost:5173/@react-refresh → 200 (5ms, 111894B)
[2026-04-09T10:26:07.719Z] GET http://localhost:5173/node_modules/.vite/deps/react.js?v=2a8f63d3 → 200 (3ms, 38303B)
[2026-04-09T10:26:07.719Z] GET http://localhost:5173/node_modules/.vite/deps/react-dom_client.js?v=2a8f63d3 → 200 (17ms, 820982B)
[2026-04-09T10:26:07.719Z] GET http://localhost:5173/src/index.css?t=1775730092045 → 200 (11ms, 67163B)
[2026-04-09T10:26:07.719Z] GET http://localhost:5173/src/App.tsx?t=1775730092045 → 200 (12ms, 58807B)
[2026-04-09T10:26:07.719Z] GET http://localhost:5173/node_modules/.vite/deps/react_jsx-dev-runtime.js?v=2a8f63d3 → 200 (13ms, 10573B)
[2026-04-09T10:26:07.720Z] GET http://localhost:5173/node_modules/vite/dist/client/env.mjs → 200 (5ms, 3478B)
[2026-04-09T10:26:07.722Z] GET http://localhost:5173/node_modules/.vite/deps/chunk-BoAXSpZd.js?v=2a8f63d3 → 200 (2ms, 7521B)
[2026-04-09T10:26:07.731Z] GET http://localhost:5173/src/components/Onboarding.tsx → 200 (2ms, 25425B)
[2026-04-09T10:26:07.731Z] GET http://localhost:5173/src/components/Home.tsx?t=1775730084685 → 200 (3ms, 54392B)
[2026-04-09T10:26:07.731Z] GET http://localhost:5173/src/components/Fund.tsx → 200 (4ms, 26012B)
[2026-04-09T10:26:07.732Z] GET http://localhost:5173/src/components/HistoryList.tsx?t=1775729668354 → 200 (4ms, 32946B)
[2026-04-09T10:26:07.732Z] GET http://localhost:5173/src/components/TransactionModal.tsx → 200 (5ms, 53857B)
[2026-04-09T10:26:07.732Z] GET http://localhost:5173/src/components/SettingsModal.tsx → 200 (5ms, 12459B)
[2026-04-09T10:26:07.732Z] GET http://localhost:5173/src/components/Report.tsx → 200 (6ms, 26800B)
[2026-04-09T10:26:07.732Z] GET http://localhost:5173/src/components/Details.tsx → 200 (3ms, 62613B)
[2026-04-09T10:26:07.732Z] GET http://localhost:5173/src/lib/db.ts → 200 (8ms, 25681B)
[2026-04-09T10:26:07.732Z] GET http://localhost:5173/node_modules/.vite/deps/motion_react.js?v=2a8f63d3 → 200 (10ms, 496042B)
[2026-04-09T10:26:07.732Z] GET http://localhost:5173/node_modules/.vite/deps/lucide-react.js?v=2a8f63d3 → 200 (28ms, 813639B)
[2026-04-09T10:26:07.732Z] GET http://localhost:5173/node_modules/.vite/deps/clsx.js?v=2a8f63d3 → 200 (8ms, 598B)
[2026-04-09T10:26:07.732Z] GET http://localhost:5173/node_modules/.vite/deps/tailwind-merge.js?v=2a8f63d3 → 200 (9ms, 58925B)
[2026-04-09T10:26:07.734Z] GET http://localhost:5173/src/components/EditTransactionModal.tsx → 200 (9ms, 28454B)
[2026-04-09T10:26:07.737Z] GET http://localhost:5173/node_modules/.vite/deps/react-dom.js?v=2a8f63d3 → 200 (5ms, 14630B)
[2026-04-09T10:26:07.740Z] GET http://localhost:5173/node_modules/.vite/deps/sql__js.js?v=2a8f63d3 → 200 (12ms, 62339B)
[2026-04-09T10:26:07.740Z] GET http://localhost:5173/node_modules/sql.js/dist/sql-wasm.wasm?import&url → 200 (3ms, 451B)
[2026-04-09T10:26:07.742Z] GET http://localhost:5173/node_modules/.vite/deps/react_jsx-runtime.js?v=2a8f63d3 → 200 (10ms, 10883B)
[2026-04-09T10:26:07.805Z] GET https://fonts.gstatic.com/s/inter/v20/UcC73FwrK3iLTeHuS_nVMrMxCp50SjIa1ZL7W0Q5nw.woff2 → 200 (60ms, 48432B)
[2026-04-09T10:26:07.808Z] GET http://localhost:5173/node_modules/sql.js/dist/sql-wasm.wasm → 200 (1ms, 659730B)
[2026-04-09T10:26:07.814Z] GET http://localhost:5173/api/db/load → 200 (11ms, 24576B)
[2026-04-09T10:26:07.814Z] GET http://localhost:5173/api/db/load → 200 (2ms, 24576B)
[2026-04-09T10:26:07.824Z] POST http://localhost:5173/api/db/save → 200 (23ms, 5B)
[2026-04-09T10:26:07.864Z] POST http://localhost:5173/api/db/save → 200 (7ms, 5B)
